0 info it worked if it ends with ok
1 verbose cli [ '/home/vagrant/.nvm/v0.10.12/bin/node',
1 verbose cli   '/home/vagrant/.nvm/v0.10.12/bin/npm',
1 verbose cli   'install',
1 verbose cli   'express' ]
2 info using npm@1.2.32
3 info using node@v0.10.12
4 verbose read json /vagrant/bitstarter/package.json
5 verbose read json /vagrant/bitstarter/node_modules/express/package.json
6 verbose from cache /vagrant/bitstarter/package.json
7 verbose readDependencies using package.json deps
8 verbose cache add [ 'express@~3.3.4', null ]
9 verbose cache add name=undefined spec="express@~3.3.4" args=["express@~3.3.4",null]
10 verbose parsed url { protocol: null,
10 verbose parsed url   slashes: null,
10 verbose parsed url   auth: null,
10 verbose parsed url   host: null,
10 verbose parsed url   port: null,
10 verbose parsed url   hostname: null,
10 verbose parsed url   hash: null,
10 verbose parsed url   search: null,
10 verbose parsed url   query: null,
10 verbose parsed url   pathname: 'express@~3.3.4',
10 verbose parsed url   path: 'express@~3.3.4',
10 verbose parsed url   href: 'express@~3.3.4' }
11 verbose cache add name="express" spec="~3.3.4" args=["express","~3.3.4"]
12 verbose parsed url { protocol: null,
12 verbose parsed url   slashes: null,
12 verbose parsed url   auth: null,
12 verbose parsed url   host: null,
12 verbose parsed url   port: null,
12 verbose parsed url   hostname: null,
12 verbose parsed url   hash: null,
12 verbose parsed url   search: null,
12 verbose parsed url   query: null,
12 verbose parsed url   pathname: '~3.3.4',
12 verbose parsed url   path: '~3.3.4',
12 verbose parsed url   href: '~3.3.4' }
13 verbose addNamed [ 'express', '~3.3.4' ]
14 verbose addNamed [ null, '>=3.3.4- <3.4.0-' ]
15 silly lockFile 09d41e23-express-3-3-4 express@~3.3.4
16 verbose lock express@~3.3.4 /home/vagrant/.npm/09d41e23-express-3-3-4.lock
17 silly addNameRange { name: 'express', range: '>=3.3.4- <3.4.0-', hasData: false }
18 verbose url raw express
19 verbose url resolving [ 'https://registry.npmjs.org/', './express' ]
20 verbose url resolved https://registry.npmjs.org/express
21 info trying registry request attempt 1 at 10:34:54
22 verbose etag "385QWK8LVDMS58Y4AEFWUYVZQ"
23 http GET https://registry.npmjs.org/express
24 http 304 https://registry.npmjs.org/express
25 silly registry.get cb [ 304,
25 silly registry.get   { server: 'CouchDB/1.3.0 (Erlang OTP/R15B03)',
25 silly registry.get     etag: '"385QWK8LVDMS58Y4AEFWUYVZQ"',
25 silly registry.get     date: 'Thu, 01 Aug 2013 10:35:09 GMT',
25 silly registry.get     'content-length': '0' } ]
26 verbose etag express from cache
27 silly addNameRange number 2 { name: 'express', range: '>=3.3.4- <3.4.0-', hasData: true }
28 silly addNameRange versions [ 'express',
28 silly addNameRange   [ '0.14.0',
28 silly addNameRange     '0.14.1',
28 silly addNameRange     '1.0.0',
28 silly addNameRange     '1.0.1',
28 silly addNameRange     '1.0.2',
28 silly addNameRange     '1.0.3',
28 silly addNameRange     '1.0.4',
28 silly addNameRange     '1.0.5',
28 silly addNameRange     '1.0.6',
28 silly addNameRange     '1.0.7',
28 silly addNameRange     '1.0.8',
28 silly addNameRange     '2.0.0',
28 silly addNameRange     '2.1.0',
28 silly addNameRange     '2.1.1',
28 silly addNameRange     '2.2.0',
28 silly addNameRange     '2.2.1',
28 silly addNameRange     '2.2.2',
28 silly addNameRange     '2.3.0',
28 silly addNameRange     '2.3.1',
28 silly addNameRange     '2.3.2',
28 silly addNameRange     '2.3.3',
28 silly addNameRange     '2.3.4',
28 silly addNameRange     '2.3.5',
28 silly addNameRange     '2.3.6',
28 silly addNameRange     '2.3.7',
28 silly addNameRange     '2.3.8',
28 silly addNameRange     '2.3.9',
28 silly addNameRange     '2.3.10',
28 silly addNameRange     '2.3.11',
28 silly addNameRange     '2.3.12',
28 silly addNameRange     '2.4.0',
28 silly addNameRange     '2.4.1',
28 silly addNameRange     '2.4.2',
28 silly addNameRange     '2.4.3',
28 silly addNameRange     '2.4.4',
28 silly addNameRange     '2.4.5',
28 silly addNameRange     '2.4.6',
28 silly addNameRange     '2.4.7',
28 silly addNameRange     '2.5.0',
28 silly addNameRange     '2.5.1',
28 silly addNameRange     '2.5.2',
28 silly addNameRange     '2.5.3',
28 silly addNameRange     '2.5.4',
28 silly addNameRange     '2.5.5',
28 silly addNameRange     '2.5.6',
28 silly addNameRange     '2.5.7',
28 silly addNameRange     '2.5.8',
28 silly addNameRange     '2.5.9',
28 silly addNameRange     '2.5.10',
28 silly addNameRange     '2.5.11',
28 silly addNameRange     '3.0.0',
28 silly addNameRange     '3.0.1',
28 silly addNameRange     '3.0.2',
28 silly addNameRange     '3.0.3',
28 silly addNameRange     '3.0.4',
28 silly addNameRange     '3.0.5',
28 silly addNameRange     '3.0.6',
28 silly addNameRange     '3.1.0',
28 silly addNameRange     '3.1.1',
28 silly addNameRange     '3.1.2',
28 silly addNameRange     '3.2.0',
28 silly addNameRange     '3.2.1',
28 silly addNameRange     '3.2.2',
28 silly addNameRange     '3.2.3',
28 silly addNameRange     '3.2.4',
28 silly addNameRange     '3.2.5',
28 silly addNameRange     '3.2.6',
28 silly addNameRange     '3.3.0',
28 silly addNameRange     '3.3.1',
28 silly addNameRange     '3.3.2',
28 silly addNameRange     '3.3.3',
28 silly addNameRange     '3.3.4',
28 silly addNameRange     '1.0.0-beta',
28 silly addNameRange     '1.0.0-beta2',
28 silly addNameRange     '1.0.0-rc',
28 silly addNameRange     '1.0.0-rc2',
28 silly addNameRange     '1.0.0-rc3',
28 silly addNameRange     '1.0.0-rc4',
28 silly addNameRange     '2.0.0-beta',
28 silly addNameRange     '2.0.0-beta2',
28 silly addNameRange     '2.0.0-beta3',
28 silly addNameRange     '2.0.0-rc',
28 silly addNameRange     '2.0.0-rc2',
28 silly addNameRange     '2.0.0-rc3',
28 silly addNameRange     '3.0.0-alpha1',
28 silly addNameRange     '3.0.0-alpha2',
28 silly addNameRange     '3.0.0-alpha3',
28 silly addNameRange     '3.0.0-alpha4',
28 silly addNameRange     '3.0.0-alpha5',
28 silly addNameRange     '3.0.0-beta1',
28 silly addNameRange     '3.0.0-beta2',
28 silly addNameRange     '3.0.0-beta3',
28 silly addNameRange     '3.0.0-beta4',
28 silly addNameRange     '3.0.0-beta6',
28 silly addNameRange     '3.0.0-beta7',
28 silly addNameRange     '3.0.0-rc1',
28 silly addNameRange     '3.0.0-rc2',
28 silly addNameRange     '3.0.0-rc3',
28 silly addNameRange     '3.0.0-rc4',
28 silly addNameRange     '3.0.0-rc5' ] ]
29 verbose addNamed [ 'express', '3.3.4' ]
30 verbose addNamed [ '3.3.4', '3.3.4' ]
31 silly lockFile 536d637b-express-3-3-4 express@3.3.4
32 verbose lock express@3.3.4 /home/vagrant/.npm/536d637b-express-3-3-4.lock
33 verbose read json /home/vagrant/.npm/express/3.3.4/package/package.json
34 silly lockFile 536d637b-express-3-3-4 express@3.3.4
35 silly lockFile 536d637b-express-3-3-4 express@3.3.4
36 silly lockFile 09d41e23-express-3-3-4 express@~3.3.4
37 silly lockFile 09d41e23-express-3-3-4 express@~3.3.4
38 silly resolved [ { name: 'express',
38 silly resolved     description: 'Sinatra inspired web development framework',
38 silly resolved     version: '3.3.4',
38 silly resolved     author: { name: 'TJ Holowaychuk', email: 'tj@vision-media.ca' },
38 silly resolved     contributors: [ [Object], [Object], [Object], [Object] ],
38 silly resolved     dependencies:
38 silly resolved      { connect: '2.8.4',
38 silly resolved        commander: '1.2.0',
38 silly resolved        'range-parser': '0.0.4',
38 silly resolved        mkdirp: '0.3.5',
38 silly resolved        cookie: '0.1.0',
38 silly resolved        'buffer-crc32': '0.2.1',
38 silly resolved        fresh: '0.1.0',
38 silly resolved        methods: '0.0.1',
38 silly resolved        send: '0.1.3',
38 silly resolved        'cookie-signature': '1.0.1',
38 silly resolved        debug: '*' },
38 silly resolved     devDependencies:
38 silly resolved      { ejs: '*',
38 silly resolved        mocha: '*',
38 silly resolved        jade: '0.30.0',
38 silly resolved        hjs: '*',
38 silly resolved        stylus: '*',
38 silly resolved        should: '*',
38 silly resolved        'connect-redis': '*',
38 silly resolved        marked: '*',
38 silly resolved        supertest: '0.6.0' },
38 silly resolved     keywords:
38 silly resolved      [ 'express',
38 silly resolved        'framework',
38 silly resolved        'sinatra',
38 silly resolved        'web',
38 silly resolved        'rest',
38 silly resolved        'restful',
38 silly resolved        'router',
38 silly resolved        'app',
38 silly resolved        'api' ],
38 silly resolved     repository: { type: 'git', url: 'git://github.com/visionmedia/express' },
38 silly resolved     main: 'index',
38 silly resolved     bin: { express: './bin/express' },
38 silly resolved     scripts: { prepublish: 'npm prune', test: 'make test' },
38 silly resolved     engines: { node: '*' },
38 silly resolved     readme: '![express logo](http://f.cl.ly/items/0V2S1n0K1i3y1c122g04/Screen%20Shot%202012-04-11%20at%209.59.42%20AM.png)\n\n  Fast, unopinionated, minimalist web framework for [node](http://nodejs.org). [![Build Status](https://secure.travis-ci.org/visionmedia/express.png)](http://travis-ci.org/visionmedia/express) [![Dependency Status](https://gemnasium.com/visionmedia/express.png)](https://gemnasium.com/visionmedia/express)\n\n```js\nvar express = require(\'express\');\nvar app = express();\n\napp.get(\'/\', function(req, res){\n  res.send(\'Hello World\');\n});\n\napp.listen(3000);\n```\n\n## Installation\n\n    $ npm install -g express\n\n## Quick Start\n\n The quickest way to get started with express is to utilize the executable `express(1)` to generate an application as shown below:\n\n Create the app:\n\n    $ npm install -g express\n    $ express /tmp/foo && cd /tmp/foo\n\n Install dependencies:\n\n    $ npm install\n\n Start the server:\n\n    $ node app\n\n## Features\n\n  * Built on [Connect](http://github.com/senchalabs/connect)\n  * Robust routing\n  * HTTP helpers (redirection, caching, etc)\n  * View system supporting 14+ template engines\n  * Content negotiation\n  * Focus on high performance\n  * Environment based configuration\n  * Executable for generating applications quickly\n  * High test coverage\n\n## Philosophy\n\n  The Express philosophy is to provide small, robust tooling for HTTP servers. Making\n  it a great solution for single page applications, web sites, hybrids, or public\n  HTTP APIs.\n\n  Built on Connect you can use _only_ what you need, and nothing more, applications\n  can be as big or as small as you like, even a single file. Express does\n  not force you to use any specific ORM or template engine. With support for over\n  14 template engines via [Consolidate.js](http://github.com/visionmedia/consolidate.js)\n  you can quickly craft your perfect framework.\n\n## More Information\n\n  * Join #express on freenode\n  * [Google Group](http://groups.google.com/group/express-js) for discussion\n  * Follow [tjholowaychuk](http://twitter.com/tjholowaychuk) on twitter for updates\n  * Visit the [Wiki](http://github.com/visionmedia/express/wiki)\n  * [Русскоязычная документация](http://jsman.ru/express/)\n  * Run express examples [online](https://runnable.com/express)\n\n## Viewing Examples\n\nClone the Express repo, then install the dev dependencies to install all the example / test suite deps:\n\n    $ git clone git://github.com/visionmedia/express.git --depth 1\n    $ cd express\n    $ npm install\n\nthen run whichever tests you want:\n\n    $ node examples/content-negotiation\n\n## Running Tests\n\nTo run the test suite first invoke the following command within the repo, installing the development dependencies:\n\n    $ npm install\n\nthen run the tests:\n\n    $ make test\n\n## Contributors\n\n```\nproject: express\ncommits: 3559\nactive : 468 days\nfiles  : 237\nauthors:\n 1891\tTj Holowaychuk          53.1%\n 1285\tvisionmedia             36.1%\n  182\tTJ Holowaychuk          5.1%\n   54\tAaron Heckmann          1.5%\n   34\tcsausdev                1.0%\n   26\tciaranj                 0.7%\n   21\tRobert Sköld            0.6%\n    6\tGuillermo Rauch         0.2%\n    3\tDav Glass               0.1%\n    3\tNick Poulden            0.1%\n    2\tRandy Merrill           0.1%\n    2\tBenny Wong              0.1%\n    2\tHunter Loftis           0.1%\n    2\tJake Gordon             0.1%\n    2\tBrian McKinney          0.1%\n    2\tRoman Shtylman          0.1%\n    2\tBen Weaver              0.1%\n    2\tDave Hoover             0.1%\n    2\tEivind Fjeldstad        0.1%\n    2\tDaniel Shaw             0.1%\n    1\tMatt Colyer             0.0%\n    1\tPau Ramon               0.0%\n    1\tPero Pejovic            0.0%\n    1\tPeter Rekdal Sunde      0.0%\n    1\tRaynos                  0.0%\n    1\tTeng Siong Ong          0.0%\n    1\tViktor Kelemen          0.0%\n    1\tctide                   0.0%\n    1\t8bitDesigner            0.0%\n    1\tisaacs                  0.0%\n    1\tmgutz                   0.0%\n    1\tpikeas                  0.0%\n    1\tshuwatto                0.0%\n    1\ttstrimple               0.0%\n    1\tewoudj                  0.0%\n    1\tAdam Sanderson          0.0%\n    1\tAndrii Kostenko         0.0%\n    1\tAndy Hiew               0.0%\n    1\tArpad Borsos            0.0%\n    1\tAshwin Purohit          0.0%\n    1\tBenjen                  0.0%\n    1\tDarren Torpey           0.0%\n    1\tGreg Ritter             0.0%\n    1\tGregory Ritter          0.0%\n    1\tJames Herdman           0.0%\n    1\tJim Snodgrass           0.0%\n    1\tJoe McCann              0.0%\n    1\tJonathan Dumaine        0.0%\n    1\tJonathan Palardy        0.0%\n    1\tJonathan Zacsh          0.0%\n    1\tJustin Lilly            0.0%\n    1\tKen Sato                0.0%\n    1\tMaciej Małecki          0.0%\n    1\tMasahiro Hayashi        0.0%\n```\n\n## License\n\n(The MIT License)\n\nCopyright (c) 2009-2012 TJ Holowaychuk &lt;tj@vision-media.ca&gt;\n\nPermission is hereby granted, free of charge, to any person obtaining\na copy of this software and associated documentation files (the\n\'Software\'), to deal in the Software without restriction, including\nwithout limitation the rights to use, copy, modify, merge, publish,\ndistribute, sublicense, and/or sell copies of the Software, and to\npermit persons to whom the Software is furnished to do so, subject to\nthe following conditions:\n\nThe above copyright notice and this permission notice shall be\nincluded in all copies or substantial portions of the Software.\n\nTHE SOFTWARE IS PROVIDED \'AS IS\', WITHOUT WARRANTY OF ANY KIND,\nEXPRESS OR IMPLIED, INCLUDING BUT NOT LIMITED TO THE WARRANTIES OF\nMERCHANTABILITY, FITNESS FOR A PARTICULAR PURPOSE AND NONINFRINGEMENT.\nIN NO EVENT SHALL THE AUTHORS OR COPYRIGHT HOLDERS BE LIABLE FOR ANY\nCLAIM, DAMAGES OR OTHER LIABILITY, WHETHER IN AN ACTION OF CONTRACT,\nTORT OR OTHERWISE, ARISING FROM, OUT OF OR IN CONNECTION WITH THE\nSOFTWARE OR THE USE OR OTHER DEALINGS IN THE SOFTWARE.\n',
38 silly resolved     readmeFilename: 'Readme.md',
38 silly resolved     bugs: { url: 'https://github.com/visionmedia/express/issues' },
38 silly resolved     _id: 'express@3.3.4',
38 silly resolved     _from: 'express@~3.3.4' } ]
39 info install express@3.3.4 into /vagrant/bitstarter
40 info installOne express@3.3.4
41 verbose from cache /home/vagrant/.npm/express/3.3.4/package/package.json
42 info /vagrant/bitstarter/node_modules/express unbuild
43 verbose from cache /vagrant/bitstarter/node_modules/express/package.json
44 info preuninstall express@3.3.4
45 info uninstall express@3.3.4
46 verbose true,/vagrant/bitstarter/node_modules,/vagrant/bitstarter/node_modules unbuild express@3.3.4
47 verbose /vagrant/bitstarter/node_modules/.bin,[object Object] binRoot
48 info postuninstall express@3.3.4
49 verbose tar unpack /home/vagrant/.npm/express/3.3.4/package.tgz
50 silly lockFile e8abdb00--bitstarter-node-modules-express tar:///vagrant/bitstarter/node_modules/express
51 verbose lock tar:///vagrant/bitstarter/node_modules/express /home/vagrant/.npm/e8abdb00--bitstarter-node-modules-express.lock
52 silly lockFile 12193a45-nt-npm-express-3-3-4-package-tgz tar:///home/vagrant/.npm/express/3.3.4/package.tgz
53 verbose lock tar:///home/vagrant/.npm/express/3.3.4/package.tgz /home/vagrant/.npm/12193a45-nt-npm-express-3-3-4-package-tgz.lock
54 silly lockFile e8abdb00--bitstarter-node-modules-express tar:///vagrant/bitstarter/node_modules/express
55 silly lockFile e8abdb00--bitstarter-node-modules-express tar:///vagrant/bitstarter/node_modules/express
56 silly lockFile 12193a45-nt-npm-express-3-3-4-package-tgz tar:///home/vagrant/.npm/express/3.3.4/package.tgz
57 silly lockFile 12193a45-nt-npm-express-3-3-4-package-tgz tar:///home/vagrant/.npm/express/3.3.4/package.tgz
58 info /vagrant/bitstarter/node_modules/express unbuild
59 verbose read json /vagrant/bitstarter/node_modules/express/package.json
60 error error rolling back Error: UNKNOWN, unlink '/vagrant/bitstarter/node_modules/express'
60 error error rolling back  express@3.3.4 { [Error: UNKNOWN, unlink '/vagrant/bitstarter/node_modules/express']
60 error error rolling back   errno: -1,
60 error error rolling back   code: 'UNKNOWN',
60 error error rolling back   path: '/vagrant/bitstarter/node_modules/express' }
61 error Error: UNKNOWN, unlink '/vagrant/bitstarter/node_modules/express'
62 error If you need help, you may report this log at:
62 error     <http://github.com/isaacs/npm/issues>
62 error or email it to:
62 error     <npm-@googlegroups.com>
63 error System Linux 3.2.0-23-generic-pae
64 error command "/home/vagrant/.nvm/v0.10.12/bin/node" "/home/vagrant/.nvm/v0.10.12/bin/npm" "install" "express"
65 error cwd /vagrant/bitstarter
66 error node -v v0.10.12
67 error npm -v 1.2.32
68 error path /vagrant/bitstarter/node_modules/express
69 error code UNKNOWN
70 error errno -1
71 verbose exit [ -1, true ]
